0 info it worked if it ends with ok
1 verbose cli [ '/usr/local/bin/node', '/usr/local/bin/npm', 'install', '-g' ]
2 info using npm@2.14.7
3 info using node@v4.2.1
4 verbose install initial load of /usr/local/lib/package.json
5 verbose readDependencies loading dependencies from /usr/local/lib/package.json
6 silly cache add args [ '.', null ]
7 verbose cache add spec .
8 silly cache add parsed spec Result {
8 silly cache add   raw: '.',
8 silly cache add   scope: null,
8 silly cache add   name: null,
8 silly cache add   rawSpec: '.',
8 silly cache add   spec: '/Users/sriyasarkar/Documents/idm_theezis/twitterbot/twitter-lolvote',
8 silly cache add   type: 'directory' }
9 verbose addLocalDirectory /Users/sriyasarkar/.npm/twitter-listbot/0.0.1/package.tgz not in flight; packing
10 verbose tar pack [ '/Users/sriyasarkar/.npm/twitter-listbot/0.0.1/package.tgz',
10 verbose tar pack   '/Users/sriyasarkar/Documents/idm_theezis/twitterbot/twitter-lolvote' ]
11 verbose tarball /Users/sriyasarkar/.npm/twitter-listbot/0.0.1/package.tgz
12 verbose folder /Users/sriyasarkar/Documents/idm_theezis/twitterbot/twitter-lolvote
13 info prepublish twitter-listbot@0.0.1
14 verbose addLocalTarball adding from inside cache /Users/sriyasarkar/.npm/twitter-listbot/0.0.1/package.tgz
15 silly cache afterAdd twitter-listbot@0.0.1
16 verbose afterAdd /Users/sriyasarkar/.npm/twitter-listbot/0.0.1/package/package.json not in flight; writing
17 verbose afterAdd /Users/sriyasarkar/.npm/twitter-listbot/0.0.1/package/package.json written
18 silly install resolved [ { name: 'twitter-listbot',
18 silly install resolved     description: 'A robot that retweets the contents of a twitter list.',
18 silly install resolved     version: '0.0.1',
18 silly install resolved     homepage: 'https://github.com/bryanbraun/twitter-listbot',
18 silly install resolved     main: 'index.js',
18 silly install resolved     repository:
18 silly install resolved      { type: 'git',
18 silly install resolved        url: 'git://github.com/bryanbraun/twitter-listbot.git' },
18 silly install resolved     bugs: { url: 'https://github.com/bryanbraun/twitter-listbot/issues' },
18 silly install resolved     dependencies:
18 silly install resolved      { express: '~4.9.0',
18 silly install resolved        natural: '^0.2.1',
18 silly install resolved        tuiter: '~0.2.12',
18 silly install resolved        twit: '^2.1.0' },
18 silly install resolved     devDependencies: {},
18 silly install resolved     optionalDependencies: {},
18 silly install resolved     engines: { node: '0.8.x', npm: '1.1.x' },
18 silly install resolved     author:
18 silly install resolved      { name: 'Bryan Braun',
18 silly install resolved        email: 'bbraun7@gmail.com',
18 silly install resolved        url: 'http://www.bryanbraun.com' },
18 silly install resolved     private: true,
18 silly install resolved     license: 'MIT',
18 silly install resolved     readme: 'Twitter Listbot\n==================\n\nThis is a simple twitter bot, designed to retweet the contents of a twitter list.\n\nThis implementation tweets for [@StoriesInData](https://twitter.com/StoriesInData).\n\n## Setup Your Own\n1. [Install node.js & npm](http://nodejs.org/download/) (if you haven\'t already).\n2. Download this repo with `git clone git@github.com:bryanbraun/twitter-listbot.git`.\n3. Run `npm install` to download dependencies.\n4. Open `index.js` and replace the values in the `config` object with your own.\n5. [Create a twitter application](https://apps.twitter.com/app/new), grant it the necessary access, and generate your tokens/keys.\n6. Deploy the bot to heroku (you can [use these instructions](https://devcenter.heroku.com/articles/getting-started-with-nodejs#introduction) as a guide).\n\nFor detailed setup instructions, see my blog post: [How to Set Up a Simple Javascript Twitter Bot](http://www.bryanbraun.com/2014/12/13/how-to-set-up-a-simple-javascript-twitter-bot)\n\n## Credit\nTwitter Listbot is written in [node.js](http://nodejs.org/) and based on [Sugendran](https://github.com/sugendran)\'s [node-retweeter](https://github.com/sugendran/node-retweeter).\n\n',
18 silly install resolved     readmeFilename: 'README.md',
18 silly install resolved     gitHead: 'af1d16224fd5d0d1ee3a81a1ff799e443f78bad3',
18 silly install resolved     _id: 'twitter-listbot@0.0.1',
18 silly install resolved     scripts: {},
18 silly install resolved     _shasum: 'f26f857e5958c7a6eb03a79209461c3975de96ad',
18 silly install resolved     _from: '../../Users/sriyasarkar/Documents/idm_theezis/twitterbot/twitter-lolvote',
18 silly install resolved     _resolved: 'file:../../Users/sriyasarkar/Documents/idm_theezis/twitterbot/twitter-lolvote' } ]
19 info install twitter-listbot@0.0.1 into /usr/local/lib
20 info installOne twitter-listbot@0.0.1
21 verbose installOne of twitter-listbot to /usr/local/lib not in flight; installing
22 verbose lock using /Users/sriyasarkar/.npm/_locks/twitter-listbot-1ade0b2d89106148.lock for /usr/local/lib/node_modules/twitter-listbot
23 warn engine twitter-listbot@0.0.1: wanted: {"node":"0.8.x","npm":"1.1.x"} (current: {"node":"4.2.1","npm":"2.14.7"})
24 silly install write writing twitter-listbot 0.0.1 to /usr/local/lib/node_modules/twitter-listbot
25 verbose unbuild lib/node_modules/twitter-listbot
26 silly gentlyRm /usr/local/lib/node_modules/twitter-listbot is being purged from base /usr/local
27 verbose gentlyRm don't care about contents; nuking /usr/local/lib/node_modules/twitter-listbot
28 verbose tar unpack /Users/sriyasarkar/.npm/twitter-listbot/0.0.1/package.tgz
29 verbose tar unpacking to /usr/local/lib/node_modules/twitter-listbot
30 silly gentlyRm /usr/local/lib/node_modules/twitter-listbot is being purged
31 verbose gentlyRm don't care about contents; nuking /usr/local/lib/node_modules/twitter-listbot
32 silly gunzTarPerm modes [ '755', '644' ]
33 error tar.unpack untar error /Users/sriyasarkar/.npm/twitter-listbot/0.0.1/package.tgz
34 verbose unlock done using /Users/sriyasarkar/.npm/_locks/twitter-listbot-1ade0b2d89106148.lock for /usr/local/lib/node_modules/twitter-listbot
35 verbose fstream_path /usr/local/lib/node_modules/twitter-listbot
36 verbose fstream_type Directory
37 verbose fstream_class DirWriter
38 verbose stack Error: EACCES: permission denied, mkdir '/usr/local/lib/node_modules/twitter-listbot'
38 verbose stack     at Error (native)
39 verbose fstream_stack /usr/local/lib/node_modules/npm/node_modules/fstream/lib/dir-writer.js:35:25
39 verbose fstream_stack /usr/local/lib/node_modules/npm/node_modules/mkdirp/index.js:47:53
39 verbose fstream_stack FSReqWrap.oncomplete (fs.js:82:15)
40 verbose cwd /Users/sriyasarkar/Documents/idm_theezis/twitterbot/twitter-lolvote
41 error Darwin 15.0.0
42 error argv "/usr/local/bin/node" "/usr/local/bin/npm" "install" "-g"
43 error node v4.2.1
44 error npm  v2.14.7
45 error path /usr/local/lib/node_modules/twitter-listbot
46 error code EACCES
47 error errno -13
48 error syscall mkdir
49 error Error: EACCES: permission denied, mkdir '/usr/local/lib/node_modules/twitter-listbot'
49 error     at Error (native)
49 error  { [Error: EACCES: permission denied, mkdir '/usr/local/lib/node_modules/twitter-listbot']
49 error   errno: -13,
49 error   code: 'EACCES',
49 error   syscall: 'mkdir',
49 error   path: '/usr/local/lib/node_modules/twitter-listbot',
49 error   fstream_type: 'Directory',
49 error   fstream_path: '/usr/local/lib/node_modules/twitter-listbot',
49 error   fstream_class: 'DirWriter',
49 error   fstream_stack:
49 error    [ '/usr/local/lib/node_modules/npm/node_modules/fstream/lib/dir-writer.js:35:25',
49 error      '/usr/local/lib/node_modules/npm/node_modules/mkdirp/index.js:47:53',
49 error      'FSReqWrap.oncomplete (fs.js:82:15)' ] }
50 error Please try running this command again as root/Administrator.
51 verbose exit [ -13, true ]
52 verbose unbuild lib/node_modules/twitter-listbot
53 silly gentlyRm /usr/local/lib/node_modules/twitter-listbot is being purged from base /usr/local
54 verbose gentlyRm don't care about contents; nuking /usr/local/lib/node_modules/twitter-listbot
